[    0.000000] Linux version 4.15.0-112-generic (buildd@lcy01-amd64-027) (gcc version 7.5.0 (Ubuntu 7.5.0-3ubuntu1~18.04)) #113-Ubuntu SMP Thu Jul 9 23:41:39 UTC 2020 (Ubuntu 4.15.0-112.113-generic 4.15.18)
[    0.000000] Command line: BOOT_IMAGE=/boot/vmlinuz-4.15.0-112-generic root=LABEL=cloudimg-rootfs ro console=tty1 console=ttyS0
[    0.000000] KERNEL supported cpus:
[    0.000000]   Intel GenuineIntel
[    0.000000]   AMD AuthenticAMD
[    0.000000]   Centaur CentaurHauls
[    0.000000] x86/fpu: Supporting XSAVE feature 0x001: 'x87 floating point registers'
[    0.000000] x86/fpu: Supporting XSAVE feature 0x002: 'SSE registers'
[    0.000000] x86/fpu: Supporting XSAVE feature 0x004: 'AVX registers'
[    0.000000] x86/fpu: xstate_offset[2]:  576, xstate_sizes[2]:  256
[    0.000000] x86/fpu: Enabled xstate features 0x7, context size is 832 bytes, using 'standard' format.
[    0.000000] e820: BIOS-provided physical RAM map:
[    0.000000] BIOS-e820: [mem 0x0000000000000000-0x000000000009fbff] usable
[    0.000000] BIOS-e820: [mem 0x000000000009fc00-0x000000000009ffff] reserved
[    0.000000] BIOS-e820: [mem 0x00000000000f0000-0x00000000000fffff] reserved
[    0.000000] BIOS-e820: [mem 0x0000000000100000-0x00000000dffeffff] usable
[    0.000000] BIOS-e820: [mem 0x00000000dfff0000-0x00000000dfffffff] ACPI data
[    0.000000] BIOS-e820: [mem 0x00000000fec00000-0x00000000fec00fff] reserved
[    0.000000] BIOS-e820: [mem 0x00000000fee00000-0x00000000fee00fff] reserved
[    0.000000] BIOS-e820: [mem 0x00000000fffc0000-0x00000000ffffffff] reserved
[    0.000000] BIOS-e820: [mem 0x0000000100000000-0x000000011fffffff] usable
[    0.000000] NX (Execute Disable) protection: active
[    0.000000] SMBIOS 2.5 present.
[    0.000000] DMI: innotek GmbH VirtualBox/VirtualBox, BIOS VirtualBox 12/01/2006
[    0.000000] Hypervisor detected: KVM
[    0.000000] e820: last_pfn = 0x120000 max_arch_pfn = 0x400000000
[    0.000000] MTRR: Disabled
[    0.000000] x86/PAT: MTRRs disabled, skipping PAT initialization too.
[    0.000000] CPU MTRRs all blank - virtualized system.
[    0.000000] x86/PAT: Configuration [0-7]: WB  WT  UC- UC  WB  WT  UC- UC  
[    0.000000] e820: last_pfn = 0xdfff0 max_arch_pfn = 0x400000000
[    0.000000] found SMP MP-table at [mem 0x0009fff0-0x0009ffff]
[    0.000000] Scanning 1 areas for low memory corruption
[    0.000000] RAMDISK: [mem 0x35a67000-0x36d2afff]
[    0.000000] ACPI: Early table checksum verification disabled
[    0.000000] ACPI: RSDP 0x00000000000E0000 000024 (v02 VBOX  )
[    0.000000] ACPI: XSDT 0x00000000DFFF0030 00003C (v01 VBOX   VBOXXSDT 00000001 ASL  00000061)
[    0.000000] ACPI: FACP 0x00000000DFFF00F0 0000F4 (v04 VBOX   VBOXFACP 00000001 ASL  00000061)
[    0.000000] ACPI: DSDT 0x00000000DFFF0480 002325 (v02 VBOX   VBOXBIOS 00000002 INTL 20100528)
[    0.000000] ACPI: FACS 0x00000000DFFF0200 000040
[    0.000000] ACPI: FACS 0x00000000DFFF0200 000040
[    0.000000] ACPI: APIC 0x00000000DFFF0240 00006C (v02 VBOX   VBOXAPIC 00000001 ASL  00000061)
[    0.000000] ACPI: SSDT 0x00000000DFFF02B0 0001CC (v01 VBOX   VBOXCPUT 00000002 INTL 20100528)
[    0.000000] No NUMA configuration found
[    0.000000] Faking a node at [mem 0x0000000000000000-0x000000011fffffff]
[    0.000000] NODE_DATA(0) allocated [mem 0x11ffd1000-0x11fffbfff]
[    0.000000] kvm-clock: cpu 0, msr 1:1ff50001, primary cpu clock
[    0.000000] kvm-clock: Using msrs 4b564d01 and 4b564d00
[    0.000000] kvm-clock: using sched offset of 3812817964 cycles
[    0.000000] clocksource: kvm-clock: mask: 0xffffffffffffffff max_cycles: 0x1cd42e4dffb, max_idle_ns: 881590591483 ns
[    0.000000] Zone ranges:
[    0.000000]   DMA      [mem 0x0000000000001000-0x0000000000ffffff]
[    0.000000]   DMA32    [mem 0x0000000001000000-0x00000000ffffffff]
[    0.000000]   Normal   [mem 0x0000000100000000-0x000000011fffffff]
[    0.000000]   Device   empty
[    0.000000] Movable zone start for each node
[    0.000000] Early memory node ranges
[    0.000000]   node   0: [mem 0x0000000000001000-0x000000000009efff]
[    0.000000]   node   0: [mem 0x0000000000100000-0x00000000dffeffff]
[    0.000000]   node   0: [mem 0x0000000100000000-0x000000011fffffff]
[    0.000000] Reserved but unavailable: 98 pages
[    0.000000] Initmem setup node 0 [mem 0x0000000000001000-0x000000011fffffff]
[    0.000000] ACPI: PM-Timer IO Port: 0x4008
[    0.000000] IOAPIC[0]: apic_id 4, version 32, address 0xfec00000, GSI 0-23
[    0.000000] ACPI: INT_SRC_OVR (bus 0 bus_irq 0 global_irq 2 dfl dfl)
[    0.000000] ACPI: INT_SRC_OVR (bus 0 bus_irq 9 global_irq 9 low level)
[    0.000000] Using ACPI (MADT) for SMP configuration information
[    0.000000] smpboot: Allowing 4 CPUs, 0 hotplug CPUs
[    0.000000] PM: Registered nosave memory: [mem 0x00000000-0x00000fff]
[    0.000000] PM: Registered nosave memory: [mem 0x0009f000-0x0009ffff]
[    0.000000] PM: Registered nosave memory: [mem 0x000a0000-0x000effff]
[    0.000000] PM: Registered nosave memory: [mem 0x000f0000-0x000fffff]
[    0.000000] PM: Registered nosave memory: [mem 0xdfff0000-0xdfffffff]
[    0.000000] PM: Registered nosave memory: [mem 0xe0000000-0xfebfffff]
[    0.000000] PM: Registered nosave memory: [mem 0xfec00000-0xfec00fff]
[    0.000000] PM: Registered nosave memory: [mem 0xfec01000-0xfedfffff]
[    0.000000] PM: Registered nosave memory: [mem 0xfee00000-0xfee00fff]
[    0.000000] PM: Registered nosave memory: [mem 0xfee01000-0xfffbffff]
[    0.000000] PM: Registered nosave memory: [mem 0xfffc0000-0xffffffff]
[    0.000000] e820: [mem 0xe0000000-0xfebfffff] available for PCI devices
[    0.000000] Booting paravirtualized kernel on KVM
[    0.000000] clocksource: refined-jiffies: mask: 0xffffffff max_cycles: 0xffffffff, max_idle_ns: 7645519600211568 ns
[    0.000000] random: get_random_bytes called from start_kernel+0x99/0x500 with crng_init=0
[    0.000000] setup_percpu: NR_CPUS:8192 nr_cpumask_bits:4 nr_cpu_ids:4 nr_node_ids:1
[    0.000000] percpu: Embedded 45 pages/cpu s147456 r8192 d28672 u524288
[    0.000000] PV qspinlock hash table entries: 256 (order: 0, 4096 bytes)
[    0.000000] Built 1 zonelists, mobility grouping on.  Total pages: 1032057
[    0.000000] Policy zone: Normal
[    0.000000] Kernel command line: BOOT_IMAGE=/boot/vmlinuz-4.15.0-112-generic root=LABEL=cloudimg-rootfs ro console=tty1 console=ttyS0
[    0.000000] Memory: 4013284K/4193848K available (12300K kernel code, 2481K rwdata, 4272K rodata, 2436K init, 2720K bss, 180564K reserved, 0K cma-reserved)
[    0.000000] SLUB: HWalign=64, Order=0-3, MinObjects=0, CPUs=4, Nodes=1
[    0.000000] Kernel/User page tables isolation: enabled
[    0.000000] ftrace: allocating 39378 entries in 154 pages
[    0.004000] Hierarchical RCU implementation.
[    0.004000] 	RCU restricting CPUs from NR_CPUS=8192 to nr_cpu_ids=4.
[    0.004000] 	Tasks RCU enabled.
[    0.004000] RCU: Adjusting geometry for rcu_fanout_leaf=16, nr_cpu_ids=4
[    0.004000] NR_IRQS: 524544, nr_irqs: 456, preallocated irqs: 16
[    0.004000] Console: colour VGA+ 80x25
[    0.004000] console [tty1] enabled
[    0.004000] console [ttyS0] enabled
[    0.004000] ACPI: Core revision 20170831
[    0.004000] ACPI: 2 ACPI AML tables successfully acquired and loaded
[    0.004000] APIC: Switch to symmetric I/O mode setup
[    0.004000] x2apic enabled
[    0.004000] Switched APIC routing to physical x2apic.
[    0.004000] ..TIMER: vector=0x30 apic1=0 pin1=2 apic2=-1 pin2=-1
[    0.004003] tsc: Detected 3000.000 MHz processor
[    0.004780] Calibrating delay loop (skipped) preset value.. 6000.00 BogoMIPS (lpj=12000000)
[    0.005386] pid_max: default: 32768 minimum: 301
[    0.006158] Security Framework initialized
[    0.006832] Yama: becoming mindful.
[    0.008017] AppArmor: AppArmor initialized
[    0.012131] Dentry cache hash table entries: 524288 (order: 10, 4194304 bytes)
[    0.014865] Inode-cache hash table entries: 262144 (order: 9, 2097152 bytes)
[    0.016035] Mount-cache hash table entries: 8192 (order: 4, 65536 bytes)
[    0.017125] Mountpoint-cache hash table entries: 8192 (order: 4, 65536 bytes)
[    0.018594] Last level iTLB entries: 4KB 64, 2MB 8, 4MB 8
[    0.019512] Last level dTLB entries: 4KB 64, 2MB 0, 4MB 0, 1GB 4
[    0.020002] Spectre V1 : Mitigation: usercopy/swapgs barriers and __user pointer sanitization
[    0.021376] Spectre V2 : Mitigation: Full generic retpoline
[    0.022249] Spectre V2 : Spectre v2 / SpectreRSB mitigation: Filling RSB on context switch
[    0.024001] Speculative Store Bypass: Vulnerable
[    0.024788] MDS: Mitigation: Clear CPU buffers
[    0.025707] Freeing SMP alternatives memory: 36K
[    0.136151] smpboot: CPU0: Intel(R) Xeon(R) W-2150B CPU @ 3.00GHz (family: 0x6, model: 0x55, stepping: 0x4)
[    0.137892] Performance Events: unsupported p6 CPU model 85 no PMU driver, software events only.
[    0.140032] Hierarchical SRCU implementation.
[    0.141703] NMI watchdog: Perf event create on CPU 0 failed with -2
[    0.142713] NMI watchdog: Perf NMI watchdog permanently disabled
[    0.143947] smp: Bringing up secondary CPUs ...
[    0.146060] x86: Booting SMP configuration:
[    0.146779] .... node  #0, CPUs:      #1
[    0.004000] kvm-clock: cpu 1, msr 1:1ff50041, secondary cpu clock
[    0.151335]  #2
[    0.004000] kvm-clock: cpu 2, msr 1:1ff50081, secondary cpu clock
[    0.154945]  #3
[    0.004000] kvm-clock: cpu 3, msr 1:1ff500c1, secondary cpu clock
[    0.158517] smp: Brought up 1 node, 4 CPUs
[    0.158517] smpboot: Max logical packages: 1
[    0.160002] smpboot: Total of 4 processors activated (24000.00 BogoMIPS)
[    0.161268] devtmpfs: initialized
[    0.161268] x86/mm: Memory block size: 128MB
[    0.161696] evm: security.selinux
[    0.162321] evm: security.SMACK64
[    0.164003] evm: security.SMACK64EXEC
[    0.164652] evm: security.SMACK64TRANSMUTE
[    0.165316] evm: security.SMACK64MMAP
[    0.165928] evm: security.apparmor
[    0.166555] evm: security.ima
[    0.167081] evm: security.capability
[    0.168074] clocksource: jiffies: mask: 0xffffffff max_cycles: 0xffffffff, max_idle_ns: 7645041785100000 ns
[    0.169537] futex hash table entries: 1024 (order: 4, 65536 bytes)
[    0.170555] pinctrl core: initialized pinctrl subsystem
[    0.171502] RTC time:  5:30:44, date: 09/10/20
[    0.172157] NET: Registered protocol family 16
[    0.172969] audit: initializing netlink subsys (disabled)
[    0.173917] audit: type=2000 audit(1599715849.602:1): state=initialized audit_enabled=0 res=1
[    0.176008] cpuidle: using governor ladder
[    0.176700] cpuidle: using governor menu
[    0.177383] ACPI: bus type PCI registered
[    0.178041] acpiphp: ACPI Hot Plug PCI Controller Driver version: 0.5
[    0.179179] PCI: Using configuration type 1 for base access
[    0.180748] HugeTLB registered 2.00 MiB page size, pre-allocated 0 pages
[    0.184079] ACPI: Added _OSI(Module Device)
[    0.184832] ACPI: Added _OSI(Processor Device)
[    0.185561] ACPI: Added _OSI(3.0 _SCP Extensions)
[    0.186386] ACPI: Added _OSI(Processor Aggregator Device)
[    0.188003] ACPI: Added _OSI(Linux-Dell-Video)
[    0.188716] ACPI: Added _OSI(Linux-Lenovo-NV-HDMI-Audio)
[    0.189591] ACPI: Added _OSI(Linux-HPI-Hybrid-Graphics)
[    0.190758] ACPI: Executed 1 blocks of module-level executable AML code
[    0.194449] ACPI: Interpreter enabled
[    0.195148] ACPI: (supports S0 S5)
[    0.195755] ACPI: Using IOAPIC for interrupt routing
[    0.196156] PCI: Using host bridge windows from ACPI; if necessary, use "pci=nocrs" and report a bug
[    0.197809] ACPI: Enabled 2 GPEs in block 00 to 07
[    0.204000] ACPI: PCI Root Bridge [PCI0] (domain 0000 [bus 00-ff])
[    0.204006] acpi PNP0A03:00: _OSC: OS supports [ASPM ClockPM Segments MSI]
[    0.205488] acpi PNP0A03:00: _OSC: not requesting OS control; OS requires [ExtendedConfig ASPM ClockPM MSI]
[    0.208016] acpi PNP0A03:00: fail to add MMCONFIG information, can't access extended PCI configuration space under this bridge.
[    0.210229] PCI host bridge to bus 0000:00
[    0.211372] pci_bus 0000:00: root bus resource [io  0x0000-0x0cf7 window]
[    0.212002] pci_bus 0000:00: root bus resource [io  0x0d00-0xffff window]
[    0.213286] pci_bus 0000:00: root bus resource [mem 0x000a0000-0x000bffff window]
[    0.214564] pci_bus 0000:00: root bus resource [mem 0xe0000000-0xfdffffff window]
[    0.216002] pci_bus 0000:00: root bus resource [bus 00-ff]
[    0.218927] pci 0000:00:01.1: legacy IDE quirk: reg 0x10: [io  0x01f0-0x01f7]
[    0.220002] pci 0000:00:01.1: legacy IDE quirk: reg 0x14: [io  0x03f6]
[    0.221022] pci 0000:00:01.1: legacy IDE quirk: reg 0x18: [io  0x0170-0x0177]
[    0.222217] pci 0000:00:01.1: legacy IDE quirk: reg 0x1c: [io  0x0376]
[    0.257727] pci 0000:00:07.0: quirk: [io  0x4000-0x403f] claimed by PIIX4 ACPI
[    0.259035] pci 0000:00:07.0: quirk: [io  0x4100-0x410f] claimed by PIIX4 SMB
[    0.270750] ACPI: PCI Interrupt Link [LNKA] (IRQs 5 9 10 *11)
[    0.272223] ACPI: PCI Interrupt Link [LNKB] (IRQs 5 9 *10 11)
[    0.273307] ACPI: PCI Interrupt Link [LNKC] (IRQs 5 *9 10 11)
[    0.274522] ACPI: PCI Interrupt Link [LNKD] (IRQs 5 9 10 *11)
[    0.276334] SCSI subsystem initialized
[    0.277017] pci 0000:00:02.0: vgaarb: setting as boot VGA device
[    0.277017] pci 0000:00:02.0: vgaarb: VGA device added: decodes=io+mem,owns=io+mem,locks=none
[    0.278385] pci 0000:00:02.0: vgaarb: bridge control possible
[    0.280006] vgaarb: loaded
[    0.280572] ACPI: bus type USB registered
[    0.281293] usbcore: registered new interface driver usbfs
[    0.282196] usbcore: registered new interface driver hub
[    0.283096] usbcore: registered new device driver usb
[    0.284057] EDAC MC: Ver: 3.0.0
[    0.284772] PCI: Using ACPI for IRQ routing
[    0.284977] NetLabel: Initializing
[    0.285555] NetLabel:  domain hash size = 128
[    0.286283] NetLabel:  protocols = UNLABELED CIPSOv4 CALIPSO
[    0.288019] NetLabel:  unlabeled traffic allowed by default
[    0.288924] clocksource: Switched to clocksource kvm-clock
[    0.300877] VFS: Disk quotas dquot_6.6.0
[    0.301661] VFS: Dquot-cache hash table entries: 512 (order 0, 4096 bytes)
[    0.303199] AppArmor: AppArmor Filesystem Enabled
[    0.303989] pnp: PnP ACPI init
[    0.306427] pnp: PnP ACPI: found 3 devices
[    0.315609] clocksource: acpi_pm: mask: 0xffffff max_cycles: 0xffffff, max_idle_ns: 2085701024 ns
[    0.317109] NET: Registered protocol family 2
[    0.317983] TCP established hash table entries: 32768 (order: 6, 262144 bytes)
[    0.319185] TCP bind hash table entries: 32768 (order: 7, 524288 bytes)
[    0.322181] TCP: Hash tables configured (established 32768 bind 32768)
[    0.323304] UDP hash table entries: 2048 (order: 4, 65536 bytes)
[    0.324334] UDP-Lite hash table entries: 2048 (order: 4, 65536 bytes)
[    0.325396] NET: Registered protocol family 1
[    0.326141] pci 0000:00:00.0: Limiting direct PCI/PCI transfers
[    0.327088] pci 0000:00:01.0: Activating ISA DMA hang workarounds
[    0.328099] pci 0000:00:02.0: Video device with shadowed ROM at [mem 0x000c0000-0x000dffff]
[    0.329430] Unpacking initramfs...
[    0.564815] Freeing initrd memory: 19216K
[    0.565533] PCI-DMA: Using software bounce buffering for IO (SWIOTLB)
[    0.566656] software IO TLB: mapped [mem 0xdbff0000-0xdfff0000] (64MB)
[    0.567802] clocksource: tsc: mask: 0xffffffffffffffff max_cycles: 0x2b3e459bf4c, max_idle_ns: 440795289890 ns
[    0.569651] platform rtc_cmos: registered platform RTC device (no PNP device found)
[    0.571001] Scanning for low memory corruption every 60 seconds
[    0.572669] Initialise system trusted keyrings
[    0.573635] Key type blacklist registered
[    0.574420] workingset: timestamp_bits=36 max_order=20 bucket_order=0
[    0.576124] zbud: loaded
[    0.577020] squashfs: version 4.0 (2009/01/31) Phillip Lougher
[    0.578154] fuse init (API version 7.26)
[    0.584292] Key type asymmetric registered
[    0.585084] Asymmetric key parser 'x509' registered
[    0.586000] Block layer SCSI generic (bsg) driver version 0.4 loaded (major 246)
[    0.587396] io scheduler noop registered
[    0.588056] io scheduler deadline registered
[    0.588832] io scheduler cfq registered (default)
[    0.590076] ACPI: AC Adapter [AC] (on-line)
[    0.591004] input: Power Button as /devices/LNXSYSTM:00/LNXPWRBN:00/input/input0
[    0.592433] ACPI: Power Button [PWRF]
[    0.593174] input: Sleep Button as /devices/LNXSYSTM:00/LNXSLPBN:00/input/input1
[    0.594469] ACPI: Sleep Button [SLPF]
[    0.595546] Serial: 8250/16550 driver, 32 ports, IRQ sharing enabled
[    0.617512] 00:02: ttyS0 at I/O 0x3f8 (irq = 4, base_baud = 115200) is a 16550A
[    0.621726] Linux agpgart interface v0.103
[    0.624369] loop: module loaded
[    0.625412] scsi host0: ata_piix
[    0.626159] scsi host1: ata_piix
[    0.626735] ata1: PATA max UDMA/33 cmd 0x1f0 ctl 0x3f6 bmdma 0xd000 irq 14
[    0.627817] ata2: PATA max UDMA/33 cmd 0x170 ctl 0x376 bmdma 0xd008 irq 15
[    0.629074] libphy: Fixed MDIO Bus: probed
[    0.629847] tun: Universal TUN/TAP device driver, 1.6
[    0.630817] PPP generic driver version 2.4.2
[    0.631660] ehci_hcd: USB 2.0 'Enhanced' Host Controller (EHCI) Driver
[    0.632884] ehci-pci: EHCI PCI platform driver
[    0.633676] ehci-platform: EHCI generic platform driver
[    0.634576] ohci_hcd: USB 1.1 'Open' Host Controller (OHCI) Driver
[    0.635655] ohci-pci: OHCI PCI platform driver
[    0.636505] ohci-platform: OHCI generic platform driver
[    0.637415] uhci_hcd: USB Universal Host Controller Interface driver
[    0.638500] i8042: PNP: PS/2 Controller [PNP0303:PS2K,PNP0f03:PS2M] at 0x60,0x64 irq 1,12
[    0.640366] serio: i8042 KBD port at 0x60,0x64 irq 1
[    0.641243] serio: i8042 AUX port at 0x60,0x64 irq 12
[    0.642329] mousedev: PS/2 mouse device common for all mice
[    0.646107] input: AT Translated Set 2 keyboard as /devices/platform/i8042/serio0/input/input2
[    0.647626] rtc_cmos rtc_cmos: rtc core: registered rtc_cmos as rtc0
[    0.648929] rtc_cmos rtc_cmos: alarms up to one day, 114 bytes nvram
[    0.650012] i2c /dev entries driver
[    0.650682] device-mapper: uevent: version 1.0.3
[    0.651616] device-mapper: ioctl: 4.37.0-ioctl (2017-09-20) initialised: dm-devel@redhat.com
[    0.653372] ledtrig-cpu: registered to indicate activity on CPUs
[    0.654867] NET: Registered protocol family 10
[    0.658601] Segment Routing with IPv6
[    0.659267] NET: Registered protocol family 17
[    0.660144] Key type dns_resolver registered
[    0.661135] mce: Using 0 MCE banks
[    0.661797] RAS: Correctable Errors collector initialized.
[    0.662738] sched_clock: Marking stable (661110482, 0)->(893164886, -232054404)
[    0.664733] registered taskstats version 1
[    0.665465] Loading compiled-in X.509 certificates
[    0.668147] Loaded X.509 cert 'Build time autogenerated kernel key: 1d4b83cbc5f7a3cd7e4471a5cf69d65d9314bdf5'
[    0.669847] zswap: loaded using pool lzo/zbud
[    0.673361] Key type big_key registered
[    0.674010] Key type trusted registered
[    0.675771] Key type encrypted registered
[    0.676573] AppArmor: AppArmor sha1 policy hashing enabled
[    0.677488] ima: No TPM chip found, activating TPM-bypass! (rc=-19)
[    0.678491] ima: Allocated hash algorithm: sha1
[    0.679224] evm: HMAC attrs: 0x1
[    0.679960]   Magic number: 4:774:516
[    0.680818] rtc_cmos rtc_cmos: setting system clock to 2020-09-10 05:30:44 UTC (1599715844)
[    0.682287] BIOS EDD facility v0.16 2004-Jun-25, 0 devices found
[    0.683233] EDD information not available.
[    0.813463] Freeing unused kernel image memory: 2436K
[    0.932618] Write protecting the kernel read-only data: 20480k
[    0.934157] Freeing unused kernel image memory: 2008K
[    0.935261] Freeing unused kernel image memory: 1872K
[    0.940993] x86/mm: Checked W+X mappings: passed, no W+X pages found.
[    0.941994] x86/mm: Checking user space page tables
[    0.947604] x86/mm: Checked W+X mappings: passed, no W+X pages found.
Loading, please wait...
starting version 237
[    0.995323] Fusion MPT base driver 3.04.20
[    0.996104] Copyright (c) 1999-2008 LSI Corporation
[    0.999629] e1000: Intel(R) PRO/1000 Network Driver - version 7.3.21-k8-NAPI
[    1.001028] e1000: Copyright (c) 1999-2006 Intel Corporation.
[    1.002139] Fusion MPT SPI Host driver 3.04.20
[    1.012886] AVX2 version of gcm_enc/dec engaged.
[    1.013731] AES CTR mode by8 optimization enabled
[    1.201020] input: ImExPS/2 Generic Explorer Mouse as /devices/platform/i8042/serio1/input/input4
[    1.380387] e1000 0000:00:03.0 eth0: (PCI:33MHz:32-bit) 02:de:13:0c:aa:f5
[    1.381504] e1000 0000:00:03.0 eth0: Intel(R) PRO/1000 Network Connection
[    1.383479] mptbase: ioc0: Initiating bringup
[    1.383594] e1000 0000:00:03.0 enp0s3: renamed from eth0
[    2.117053] ioc0: LSI53C1030 A0: Capabilities={Initiator}
[    4.571182] scsi host2: ioc0: LSI53C1030 A0, FwRev=00000000h, Ports=1, MaxQ=256, IRQ=20
[    6.305938] scsi 2:0:0:0: Direct-Access     VBOX     HARDDISK         1.0  PQ: 0 ANSI: 5
[    7.466319] scsi target2:0:0: Beginning Domain Validation
[    7.468700] scsi target2:0:0: Domain Validation skipping write tests
[    7.469693] scsi target2:0:0: Ending Domain Validation
[    7.470580] scsi target2:0:0: asynchronous
[    7.471712] scsi 2:0:1:0: Direct-Access     VBOX     HARDDISK         1.0  PQ: 0 ANSI: 5
[    8.459741] scsi target2:0:1: Beginning Domain Validation
[    8.461893] random: fast init done
[    8.462740] scsi target2:0:1: Domain Validation skipping write tests
[    8.463747] scsi target2:0:1: Ending Domain Validation
[    8.464747] scsi target2:0:1: asynchronous
[    8.468746] random: systemd-udevd: uninitialized urandom read (16 bytes read)
[    8.470077] random: systemd-udevd: uninitialized urandom read (16 bytes read)
[    8.471266] random: systemd-udevd: uninitialized urandom read (16 bytes read)
[    8.473333] sd 2:0:0:0: Attached scsi generic sg0 type 0
[    8.473394] sd 2:0:0:0: [sda] 20971520 512-byte logical blocks: (10.7 GB/10.0 GiB)
[    8.474736] sd 2:0:1:0: Attached scsi generic sg1 type 0
[    8.475818] sd 2:0:0:0: [sda] Write Protect is off
[    8.477532] sd 2:0:0:0: [sda] Incomplete mode parameter data
[    8.477546] sd 2:0:1:0: [sdb] 20480 512-byte logical blocks: (10.5 MB/10.0 MiB)
[    8.478425] sd 2:0:0:0: [sda] Assuming drive cache: write through
[    8.480694] sd 2:0:1:0: [sdb] Write Protect is off
[    8.481657] sd 2:0:1:0: [sdb] Incomplete mode parameter data
[    8.482150]  sda: sda1
[    8.482593] sd 2:0:1:0: [sdb] Assuming drive cache: write through
[    8.483608] sd 2:0:0:0: [sda] Attached SCSI disk
[    8.486517] sd 2:0:1:0: [sdb] Attached SCSI disk
Begin: Loading essential drivers ... [    9.836111] raid6: sse2x1   gen() 14023 MB/s
[    9.884241] raid6: sse2x1   xor() 10287 MB/s
[    9.932317] raid6: sse2x2   gen() 17146 MB/s
[    9.980336] raid6: sse2x2   xor() 11661 MB/s
[   10.028056] raid6: sse2x4   gen() 18840 MB/s
[   10.076039] raid6: sse2x4   xor() 12252 MB/s
[   10.124170] raid6: avx2x1   gen() 25502 MB/s
[   10.172043] raid6: avx2x1   xor() 18231 MB/s
[   10.220342] raid6: avx2x2   gen() 31898 MB/s
[   10.268168] raid6: avx2x2   xor() 21652 MB/s
[   10.316162] raid6: avx2x4   gen() 37780 MB/s
[   10.364311] raid6: avx2x4   xor() 21681 MB/s
[   10.365062] raid6: using algorithm avx2x4 gen() 37780 MB/s
[   10.365928] raid6: .... xor() 21681 MB/s, rmw enabled
[   10.366717] raid6: using avx2x2 recovery algorithm
[   10.368550] xor: automatically using best checksumming function   avx       
[   10.370399] async_tx: api initialized (async)
done.
Begin: Running /scripts/init-premount ... done.
Begin: Mounting root file system ... Begin: Running /scripts/local-top ... done.
Begin: Running /scripts/local-premount ... [   10.404664] Btrfs loaded, crc32c=crc32c-intel
Scanning for Btrfs filesystems
done.
Warning: fsck not present, so skipping root file system
[   10.424640] EXT4-fs (sda1): mounted filesystem with ordered data mode. Opts: (null)
done.
Begin: Running /scripts/local-bottom ... done.
Begin: Running /scripts/init-bottom ... done.
[   10.553451] ip_tables: (C) 2000-2006 Netfilter Core Team
[   10.560746] systemd[1]: systemd 237 running in system mode. (+PAM +AUDIT +SELINUX +IMA +APPARMOR +SMACK +SYSVINIT +UTMP +LIBCRYPTSETUP +GCRYPT +GNUTLS +ACL +XZ +LZ4 +SECCOMP +BLKID +ELFUTILS +KMOD -IDN2 +IDN -PCRE2 default-hierarchy=hybrid)
[   10.564235] systemd[1]: Detected virtualization oracle.
[   10.565159] systemd[1]: Detected architecture x86-64.

Welcome to [1mUbuntu 18.04.5 LTS[0m!

[   10.575691] systemd[1]: Set hostname to <ubuntu>.
[   10.579345] systemd[1]: Initializing machine ID from random generator.
[   10.580526] systemd[1]: Installed transient /etc/machine-id file.
[   10.766983] systemd[1]: Reached target User and Group Name Lookups.
[[0;32m  OK  [0m] Reached target User and Group Name Lookups.
[   10.768904] systemd[1]: Started Forward Password Requests to Wall Directory Watch.
[[0;32m  OK  [0m] Started Forward Password Requests to Wall Directory Watch.
[   10.771121] systemd[1]: Reached target System Time Synchronized.
[[0;32m  OK  [0m] Reached target System Time Synchronized.
[   10.775268] systemd[1]: Created slice System Slice.
[[0;32m  OK  [0m] Created slice System Slice.
[[0;32m  OK  [0m] Listening on Journal Audit Socket.
[[0;32m  OK  [0m] Listening on LVM2 metadata daemon socket.
[[0;32m  OK  [0m] Listening on LVM2 poll daemon socket.
[[0;32m  OK  [0m] Listening on Journal Socket.
         Mounting Kernel Debug File System...
         Mounting POSIX Message Queue File System...
         Starting Load Kernel Modules...
         Starting Uncomplicated firewall...
         Mounting Huge Pages File System...
         Starting Set the console keyboard layout...
         Starting Create list of required st…ce nodes for the current kernel...
[[0;32m  OK  [0m] Reached target Swap.
[[0;32m  OK  [0m] Listening on Network Service Netlink Socket.
         Starting Remount Root and Kernel File Systems...
[[0;32m  OK  [0m] Listening on /dev/initctl Compatibility Named Pipe.
[[0;32m  OK  [0m] Listening on udev Control Socket.
[[0;32m  OK  [0m] Listening on udev Kernel Socket.
         Starting udev Coldplug all Devices...
[[0;32m  OK  [0m] Created slice User and Session Slice.
[[0;32m  OK  [0m] Listening on Journal Socket (/dev/log).
[[0;32m  OK  [0m] Created slice system-serial\x2dgetty.slice.
[[0;32m  OK  [0m] Reached target Slices.
[[0;32m  OK  [0m] Listening on Syslog Socket.
         Starting Journal Service...
[[0;32m  OK  [0m] Set up automount Arbitrary Executab…rmats File System Automount Point.
[   10.842396] Loading iSCSI transport class v2.0-870.
[   10.847171] iscsi: registered transport (tcp)
[   10.859983] iscsi: registered transport (iser)
[[0;32m  OK  [0m] Listening on Device-mapper event daemon FIFOs.
         Starting Monitoring of LVM2 mirrors…ng dmeventd or progress polling...
[[0;32m  OK  [0m] Mounted Kernel Debug File System.
[[0;32m  OK  [0m] Mounted POSIX Message Queue File System.
[[0;32m  OK  [0m] Started Load Kernel Modules.
[[0;32m  OK  [0m] Started Uncomplicated firewall.
[[0;32m  OK  [0m] Mounted Huge Pages File System.
[[0;32m  OK  [0m] Started Create list of required sta…vice nodes for the current kernel.
         Starting Create Static Device Nodes in /dev...
         Starting Apply Kernel Variables...
         Mounting Kernel Configuration File System...
         Mounting FUSE Control File System...
[   10.881820] EXT4-fs (sda1): re-mounted. Opts: (null)
[[0;32m  OK  [0m] Mounted Kernel Configuration File System.
[[0;32m  OK  [0m] Started Remount Root and Kernel File Systems.
[[0;32m  OK  [0m] Mounted FUSE Control File System.
         Starting Load/Save Random Seed...
[[0;32m  OK  [0m] Started Journal Service.
[[0;32m  OK  [0m] Started udev Coldplug all Devices.
[[0;32m  OK  [0m] Started Create Static Device Nodes in /dev.
[[0;32m  OK  [0m] Started LVM2 metadata daemon.
         Starting udev Kernel Device Manager...
         Starting Flush Journal to Persistent Storage...
[[0;32m  OK  [0m] Started Apply Kernel Variables.
[[0;32m  OK  [0m] Started Load/Save Random Seed.
[[0;32m  OK  [0m] Started udev Kernel Device Manager.
[[0;32m  OK  [0m] Started Monitoring of LVM2 mirrors,…sing dmeventd or progress polling.
[[0;32m  OK  [0m] Started Flush Journal to Persistent Storage.
[[0;32m  OK  [0m] Found device /dev/ttyS0.
[[0;32m  OK  [0m] Listening on Load/Save RF Kill Switch Status /dev/rfkill Watch.
[[0;32m  OK  [0m] Started Set the console keyboard layout.
[[0;32m  OK  [0m] Started Dispatch Password Requests to Console Directory Watch.
[[0;32m  OK  [0m] Reached target Local Encrypted Volumes.
[[0;32m  OK  [0m] Reached target Local File Systems (Pre).
[[0;32m  OK  [0m] Reached target Local File Systems.
         Starting ebtables ruleset management...
         Starting AppArmor initialization...
         Starting Commit a transient machine-id on disk...
         Starting Tell Plymouth To Write Out Runtime Data...
         Starting Create Volatile Files and Directories...
         Starting Set console font and keymap...
[[0;32m  OK  [0m] Started Tell Plymouth To Write Out Runtime Data.
[[0;32m  OK  [0m] Started Set console font and keymap.
[[0;32m  OK  [0m] Started Create Volatile Files and Directories.
         Starting Update UTMP about System Boot/Shutdown...
[[0;32m  OK  [0m] Started Update UTMP about System Boot/Shutdown.
[[0;32m  OK  [0m] Started ebtables ruleset management.
[[0;32m  OK  [0m] Started Commit a transient machine-id on disk.
[[0;32m  OK  [0m] Started AppArmor initialization.
         Starting Load AppArmor profiles managed internally by snapd...
         Starting Initial cloud-init job (pre-networking)...
[[0;32m  OK  [0m] Started Load AppArmor profiles managed internally by snapd.
[   12.967126] cloud-init[709]: Cloud-init v. 20.2-45-g5f7825e2-0ubuntu1~18.04.1 running 'init-local' at Thu, 10 Sep 2020 05:30:56 +0000. Up 12.70 seconds.
[[0;32m  OK  [0m] Started Initial cloud-init job (pre-networking).
[[0;32m  OK  [0m] Reached target Network (Pre).
         Starting Network Service...
[[0;32m  OK  [0m] Started Network Service.
         Starting Wait for Network to be Configured...
         Starting Network Name Resolution...
[[0;32m  OK  [0m] Started Network Name Resolution.
[[0;32m  OK  [0m] Reached target Host and Network Name Lookups.
[[0;32m  OK  [0m] Reached target Network.
[[0;32m  OK  [0m] Started Wait for Network to be Configured.
         Starting Initial cloud-init job (metadata service crawler)...
[   15.956135] cloud-init[851]: Cloud-init v. 20.2-45-g5f7825e2-0ubuntu1~18.04.1 running 'init' at Thu, 10 Sep 2020 05:30:59 +0000. Up 15.85 seconds.
[   15.958101] cloud-init[851]: ci-info: ++++++++++++++++++++++++++++++++++++++Net device info++++++++++++++++++++++++++++++++++++++
[   15.959972] cloud-init[851]: ci-info: +--------+------+----------------------------+---------------+--------+-------------------+
[   15.961711] cloud-init[851]: ci-info: | Device |  Up  |          Address           |      Mask     | Scope  |     Hw-Address    |
[   15.963490] cloud-init[851]: ci-info: +--------+------+----------------------------+---------------+--------+-------------------+
[   15.965299] cloud-init[851]: ci-info: | enp0s3 | True |         10.0.2.15          | 255.255.255.0 | global | 02:de:13:0c:aa:f5 |
[   15.967172] cloud-init[851]: ci-info: | enp0s3 | True | fe80::de:13ff:fe0c:aaf5/64 |       .       |  link  | 02:de:13:0c:aa:f5 |
[   15.969123] cloud-init[851]: ci-info: |   lo   | True |         127.0.0.1          |   255.0.0.0   |  host  |         .         |
[   15.970821] cloud-init[851]: ci-info: |   lo   | True |          ::1/128           |       .       |  host  |         .         |
[   15.972507] cloud-init[851]: ci-info: +--------+------+----------------------------+---------------+--------+-------------------+
[   15.974258] cloud-init[851]: ci-info: ++++++++++++++++++++++++++++Route IPv4 info+++++++++++++++++++++++++++++
[   15.975675] cloud-init[851]: ci-info: +-------+-------------+----------+-----------------+-----------+-------+
[   15.977171] cloud-init[851]: ci-info: | Route | Destination | Gateway  |     Genmask     | Interface | Flags |
[   15.978565] cloud-init[851]: ci-info: +-------+-------------+----------+-----------------+-----------+-------+
[   15.980022] cloud-init[851]: ci-info: |   0   |   0.0.0.0   | 10.0.2.2 |     0.0.0.0     |   enp0s3  |   UG  |
[   15.981402] cloud-init[851]: ci-info: |   1   |   10.0.2.0  | 0.0.0.0  |  255.255.255.0  |   enp0s3  |   U   |
[   15.982722] cloud-init[851]: ci-info: |   2   |   10.0.2.2  | 0.0.0.0  | 255.255.255.255 |   enp0s3  |   UH  |
[   15.983882] cloud-init[851]: ci-info: +-------+-------------+----------+-----------------+-----------+-------+
[   15.985322] cloud-init[851]: ci-info: +++++++++++++++++++Route IPv6 info+++++++++++++++++++
[   15.986476] cloud-init[851]: ci-info: +-------+-------------+---------+-----------+-------+
[   15.987633] cloud-init[851]: ci-info: | Route | Destination | Gateway | Interface | Flags |
[   15.988804] cloud-init[851]: ci-info: +-------+-------------+---------+-----------+-------+
[   15.989924] cloud-init[851]: ci-info: |   1   |  fe80::/64  |    ::   |   enp0s3  |   U   |
[   15.991032] cloud-init[851]: ci-info: |   3   |    local    |    ::   |   enp0s3  |   U   |
[   15.992085] cloud-init[851]: ci-info: |   4   |   ff00::/8  |    ::   |   enp0s3  |   U   |
[   15.993204] cloud-init[851]: ci-info: +-------+-------------+---------+-----------+-------+
[   17.261293] cloud-init[851]: Generating public/private rsa key pair.
[   17.262284] cloud-init[851]: Your identification has been saved in /etc/ssh/ssh_host_rsa_key.
[   17.263430] cloud-init[851]: Your public key has been saved in /etc/ssh/ssh_host_rsa_key.pub.
[   17.264721] cloud-init[851]: The key fingerprint is:
[   17.265483] cloud-init[851]: SHA256:BuV8HDtgAP0XIq44BAO6sa0r6ZE6n79XHURLAElZ/d8 root@ubuntu-bionic
[   17.276647] cloud-init[851]: The key's randomart image is:
[   17.277457] cloud-init[851]: +---[RSA 2048]----+
[   17.278113] cloud-init[851]: |o   .++**++      |
[   17.278769] cloud-init[851]: |+     ==.+++     |
[   17.279419] cloud-init[851]: |oo   ..ooo*o     |
[   17.280189] cloud-init[851]: | =.   ....o..    |
[   17.280870] cloud-init[851]: |o... .  So . . . |
[   17.281521] cloud-init[851]: | .+ .  .. .   . E|
[   17.282173] cloud-init[851]: |.+ .   .         |
[   17.282816] cloud-init[851]: |=...  .          |
[   17.283503] cloud-init[851]: |=+o.oo           |
[   17.284220] cloud-init[851]: +----[SHA256]-----+
[   17.284873] cloud-init[851]: Generating public/private dsa key pair.
[   17.285740] cloud-init[851]: Your identification has been saved in /etc/ssh/ssh_host_dsa_key.
[   17.287012] cloud-init[851]: Your public key has been saved in /etc/ssh/ssh_host_dsa_key.pub.
[   17.288595] cloud-init[851]: The key fingerprint is:
[   17.289410] cloud-init[851]: SHA256:qIuA+1rRPaQ5FC4q2xTdqQWaibZlknnGpRzgr4mrcCk root@ubuntu-bionic
[   17.290822] cloud-init[851]: The key's randomart image is:
[   17.291653] cloud-init[851]: +---[DSA 1024]----+
[   17.292361] cloud-init[851]: | ...o.           |
[   17.293008] cloud-init[851]: |..=*++ .         |
[   17.293621] cloud-init[851]: |.**O+ =          |
[   17.294278] cloud-init[851]: |..O= B .         |
[   17.294883] cloud-init[851]: |o.o.* + S        |
[   17.295527] cloud-init[851]: |++oo o .         |
[   17.296199] cloud-init[851]: |Eo= .            |
[   17.296853] cloud-init[851]: |.B . .           |
[   17.297497] cloud-init[851]: |*oo .            |
[   17.298140] cloud-init[851]: +----[SHA256]-----+
[   17.298785] cloud-init[851]: Generating public/private ecdsa key pair.
[   17.299687] cloud-init[851]: Your identification has been saved in /etc/ssh/ssh_host_ecdsa_key.
[   17.300881] cloud-init[851]: Your public key has been saved in /etc/ssh/ssh_host_ecdsa_key.pub.
[   17.302048] cloud-init[851]: The key fingerprint is:
[   17.302903] cloud-init[851]: SHA256:FnzO+kXkTV/290t+Wy4mwwW9BYACN8aVlEoG/9C90us root@ubuntu-bionic
[[0;32m  OK  [0m] Started Initial cloud-init job (metadata service crawler).
[   17.308308] cloud-init[851]: The key's randomart image is:
[[0;32m  OK  [0m] Reached target Network is Online.
[   17.309968] cloud-init[851]: +---[ECDSA 256]---+
[   17.311328] [cloud-init[0;32m  OK  [0m[851]: ] |      o++oo+..   |Reached target Remote File Systems (Pre).

[   17.311555] cloud-init[851]: |       ==o+.  .  |
[[0;32m  OK  [0m] Reached target Remote File Systems.
[   17.312890] cloud-init[851]: |       o=oo o...o|
[   17.314754] cloud-init[851]: |        .B +.+.o+|
[   17.315542]          cloud-initStarting Availability of block devices...[851]: 
|        S = =..o+|
[[0;32m  OK  [0m] Reached target System Initialization.
[   17.317047] cloud-init[851]: |       . . o .o o|
[[   17.318335] [0;32m  OK  [0mcloud-init] Listening on ACPID Listen Socket.[851]: 
|        .  .o. .o|
         Starting LXD - unix socket.
[   17.320137] [[0;32m  OK  [0m] Started ACPI Events Check.
[[0;32m  OK  [0m] Reached target Paths.
[[0;32m  OK  [0m] Started Message of the Day.
[[0;32m  OK  [0m] Started Daily Cleanup of Temporary Directories.
[[0;32m  OK  [0m] Listening on Open-iSCSI iscsid Socket.
[[0;32m  OK  [0m] Started Discard unused blocks once a week.
cloud-init[851]:          Starting Socket activation for snappy daemon.
[[0;32m  OK  [0m] Listening on UUID daemon activation socket.
[[0;32m  OK  [0m] Listening on D-Bus System Message Bus Socket.
[[0;32m  OK  [0m] Started Daily apt download activities.
[[0;32m  OK  [0m] Started Daily apt upgrade and clean activities.
[[0;32m  OK  [0m] Reached target Timers.
[[0;32m  OK  [0m] Reached target Cloud-config availability.
[[0;32m  OK  [0m] Listening on LXD - unix socket.
[[0;32m  OK  [0m] Listening on Socket activation for snappy daemon.
[[0;32m  OK  [0m] Reached target Sockets.
[[0;32m  OK  [0m] Reached target Basic System.
|         . o+ =.+|
[[0;32m  OK  [0m] Started Deferred execution scheduler.
[   17.333431] cloud-init[851]: |          . E+ =+|
[   17.335305] cloud-init[851]: +----[SHA256]-----+
[   17.336127] cloud-init[851]: Generating public/private ed25519 key pair.
[   17.337151] cloud-init[851]: Your identification has been saved in /etc/ssh/ssh_host_ed25519_key.
[   17.338426] cloud-init[851]: Your public key has been saved in /etc/ssh/ssh_host_ed25519_key.pub.
[   17.339606] cloud-init[851]: The key fingerprint is:
[   17.340441] cloud-init[851]: SHA256:pbTNEc2ZDRRLZHMVlPLZbK09SrGi2TZeCFFMUfV/R5Y root@ubuntu-bionic
[   17.341685] cloud-init[851]: The key's randomart image is:
[   17.342502] cloud-init[851]: +--[ED25519 256]--+
[   17.343144] [[0;32m  OK  [0m] Started Regular background program processing daemon.
cloud-init         Starting Permit User Sessions...
         Starting Accounts Service...
[[0;32m  OK  [0m] Started D-Bus System Message Bus.
[851]: |          +O@B+=+|
[   17.347665] cloud-init[851]: |          .===..o|
[   17.348438] cloud-init[851]: |        ..o . oEB|
[   17.349103] cloud-init[851]: |       . *.. . =*|
[   17.349829] cloud-init[851]: |        S.o   o++|
[   17.350542] cloud-init[851]: |          ...o..+|
[   17.351228] cloud-init[851]: |          +.o.. .|
[   17.351992] cloud-init[851]: |         o +..   |
[   17.355181] cloud-init[851]: |          o..    |
[   17.355966] cloud-init[851]: +----[SHA256]-----+
[[0;32m  OK  [0m] Started FUSE filesystem for LXC.
         Starting LSB: automatic crash report generation...
         Starting Login Service...
         Starting Snap Daemon...
         Starting Dispatcher daemon for systemd-networkd...
         Starting Pollinate to seed the pseudo random number generator...
         Starting LSB: Record successful boot for GRUB...
         Starting System Logging Service...
[[0;32m  OK  [0m] Started irqbalance daemon.
         Starting LXD - container startup/shutdown...
         Starting Virtualbox guest utils...
[[0;32m  OK  [0m] Started Availability of block devices.
[[0;32m  OK  [0m] Started Permit User Sessions.
         Starting Hold until boot process finishes up...
         Starting Terminate Plymouth Boot Screen...
[[0;32m  OK  [0m] Started Hold until boot process finishes up.
[[0;32m  OK  [0m] Started Login Service.
[[0;32m  OK  [0m] Started Unattended Upgrades Shutdown.
[[0;32m  OK  [0m] Started Serial Getty on ttyS0.
         Starting Set console scheme...
[[0;32m  OK  [0m] Started Terminate Plymouth Boot Screen.
[[0;32m  OK  [0m] Started System Logging Service.
[[0;32m  OK  [0m] Started Set console scheme.
[[0;32m  OK  [0m] Created slice system-getty.slice.
[[0;32m  OK  [0m] Started Getty on tty1.
[[0;32m  OK  [0m] Reached target Login Prompts.
         Starting Authorization Manager...
[[0;32m  OK  [0m] Started LSB: automatic crash report generation.
[[0;32m  OK  [0m] Started Authorization Manager.
[[0;32m  OK  [0m] Started Accounts Service.
[[0;32m  OK  [0m] Started LSB: Record successful boot for GRUB.
[[0;32m  OK  [0m] Started Virtualbox guest utils.
[[0;32m  OK  [0m] Started LXD - container startup/shutdown.
[[0;32m  OK  [0m] Started Dispatcher daemon for systemd-networkd.
[[0;32m  OK  [0m] Started Snap Daemon.
         Starting Wait until snapd is fully seeded...
[[0;32m  OK  [0m] Started Pollinate to seed the pseudo random number generator.
         Starting OpenBSD Secure Shell server...
[[0;32m  OK  [0m] Started OpenBSD Secure Shell server.
[[0;32m  OK  [0m] Created slice User Slice of vagrant.
         Starting User Manager for UID 1000...
[[0;32m  OK  [0m] Started Session 1 of user vagrant.
[[0;32m  OK  [0m] Started User Manager for UID 1000.
[[0;32m  OK  [0m] Started Wait until snapd is fully seeded.
[[0;32m  OK  [0m] Reached target Multi-User System.
[[0;32m  OK  [0m] Reached target Graphical Interface.
         Starting Update UTMP about System Runlevel Changes...
         Starting Apply the settings specified in cloud-config...
[[0;32m  OK  [0m] Started Update UTMP about System Runlevel Changes.
         Stopping User Manager for UID 1000...
[[0;32m  OK  [0m] Stopped User Manager for UID 1000.
[[0;32m  OK  [0m] Removed slice User Slice of vagrant.
[[0;32m  OK  [0m] Created slice User Slice of vagrant.
[   20.876312] cloud-init[1711]: Cloud-init v. 20.2-45-g5f7825e2-0ubuntu1~18.04.1 running 'modules:config' at Thu, 10 Sep 2020 05:31:04 +0000. Up 20.59 seconds.
         Starting User Manager for UID 1000...
[[0;32m  OK  [0m] Started Session 3 of user vagrant.
[[0;32m  OK  [0m] Started User Manager for UID 1000.
[[0;32m  OK  [0m] Started Apply the settings specified in cloud-config.
         Starting Execute cloud user/final scripts...
ci-info: no authorized SSH keys fingerprints found for user ubuntu.
<14>Sep 10 05:31:05 ec2: 
<14>Sep 10 05:31:05 ec2: #############################################################
<14>Sep 10 05:31:05 ec2: -----BEGIN SSH HOST KEY FINGERPRINTS-----
<14>Sep 10 05:31:05 ec2: 1024 SHA256:qIuA+1rRPaQ5FC4q2xTdqQWaibZlknnGpRzgr4mrcCk root@ubuntu-bionic (DSA)
<14>Sep 10 05:31:05 ec2: 256 SHA256:FnzO+kXkTV/290t+Wy4mwwW9BYACN8aVlEoG/9C90us root@ubuntu-bionic (ECDSA)
<14>Sep 10 05:31:05 ec2: 256 SHA256:pbTNEc2ZDRRLZHMVlPLZbK09SrGi2TZeCFFMUfV/R5Y root@ubuntu-bionic (ED25519)
<14>Sep 10 05:31:05 ec2: 2048 SHA256:BuV8HDtgAP0XIq44BAO6sa0r6ZE6n79XHURLAElZ/d8 root@ubuntu-bionic (RSA)
<14>Sep 10 05:31:05 ec2: -----END SSH HOST KEY FINGERPRINTS-----
<14>Sep 10 05:31:05 ec2: #############################################################
-----BEGIN SSH HOST KEY KEYS-----
ecdsa-sha2-nistp256 AAAAE2VjZHNhLXNoYTItbmlzdHAyNTYAAAAIbmlzdHAyNTYAAABBBI7vSW5fsfvsakTElAPnzjyKI5txYAU7mqc7GFG2oYT3zHn4/C083tNI3hP+mnmQ1aEOrP5ZlP0pAiQlMGjcsEs= root@ubuntu-bionic
ssh-ed25519 AAAAC3NzaC1lZDI1NTE5AAAAIBXY0QC3SeETlAnXhuZiurNm1qA/R3Pohw0+NpWIEA1i root@ubuntu-bionic
ssh-rsa AAAAB3NzaC1yc2EAAAADAQABAAABAQDNQIa05e+7EaJXmOLY6cO4zQVx7qL1Fwm6fnQNTZV438Lt1Xtf8MnJ2i64XYBAVGYMgWNwZrWiYBxgPESpmYF7QTM6H6S6mjTypbyv8gtHxclBOhne29yPuMQQngIbjZuyJ5y8FLCfyVFDbH2W1jMKGuqx0+ZyjNiUMzGyBKyQ8k0cV6sctgM3Y5QvZgOUb2BqLjKx9KquSvZAi6+aU7l1zK4bfJaTonW9HoUXNgO8yW2RGwaRnoo1sFdoBnFAdJ6VeJNwl2hWz/7ln+LypYNu5oBEAffTn80SO6S7S+oylK8cXbzPn8qLAOeVZREdSJfADBZYib3Ar1DTdtYk63X9 root@ubuntu-bionic
-----END SSH HOST KEY KEYS-----
[   21.282201] cloud-init[1854]: Cloud-init v. 20.2-45-g5f7825e2-0ubuntu1~18.04.1 running 'modules:final' at Thu, 10 Sep 2020 05:31:04 +0000. Up 21.17 seconds.
[   21.284250] cloud-init[1854]: ci-info: no authorized SSH keys fingerprints found for user ubuntu.
[   21.285552] cloud-init[1854]: Cloud-init v. 20.2-45-g5f7825e2-0ubuntu1~18.04.1 finished at Thu, 10 Sep 2020 05:31:05 +0000. Datasource DataSourceNoCloud [seed=/dev/sdb][dsmode=net].  Up 21.27 seconds
[[0;32m  OK  [0m] Started Execute cloud user/final scripts.
[[0;32m  OK  [0m] Reached target Cloud-init target.

Ubuntu 18.04.5 LTS ubuntu-bionic ttyS0

ubuntu-bionic login: 